Arguments: 
  /Users/timaxis.ws/.volta/tools/image/node/14.17.0/bin/node /Users/timaxis.ws/.volta/tools/image/yarn/1.22.10/bin/yarn.js add lerna

PATH: 
  /Users/timaxis.ws/.volta/tools/image/yarn/1.22.10/bin:/Users/timaxis.ws/.volta/tools/image/node/14.17.0/bin:/opt/homebrew/bin:/opt/homebrew/sbin:/opt/homebrew/bin:/opt/homebrew/sbin:/opt/homebrew/bin:/opt/homebrew/sbin:/Users/timaxis.ws/.volta/bin:/opt/homebrew/bin:/opt/homebrew/sbin:/Users/timaxis.ws/.nvm/versions/node/v12.21.0/bin:/opt/homebrew/bin:/opt/homebrew/sbin:/usr/local/bin:/usr/bin:/bin:/usr/sbin:/sbin

Yarn version: 
  1.22.10

Node version: 
  14.17.0

Platform: 
  darwin x64

Trace: 
  Error: connect ECONNREFUSED 127.0.0.1:4873
      at TCPConnectWrap.afterConnect [as oncomplete] (net.js:1146:16)

npm manifest: 
  {
    "name": "monorepo-gatsby-plugins",
    "version": "0.0.0",
    "description": "Testing out monorepo setup",
    "main": "index.js",
    "author": "Tim Rooke <timrooke1991@gmail.com>",
    "license": "MIT"
  }

yarn manifest: 
  No manifest

Lockfile: 
  # THIS IS AN AUTOGENERATED FILE. DO NOT EDIT THIS FILE DIRECTLY.
  # yarn lockfile v1
